+---+-----+-----+-----+-----+-----+-----+
| A |  1  |  2  |  3  |  4  |  5  |  6  |
+---+-----+-----+-----+-----+-----+-----+
| P | 1/6 | 1/6 | 1/6 | 1/6 | 1/6 | 1/6 |
+---+-----+-----+-----+-----+-----+-----+
+---+-----+-----+-----+
| B |  1  |  2  |  3  |
+---+-----+-----+-----+
| P | 1/7 | 2/7 | 4/7 |
+---+-----+-----+-----+
+-----+------+------+-----+-----+-----+-----+-----+------+
| A+B |  2   |  3   |  4  |  5  |  6  |  7  |  8  |  9   |
+-----+------+------+-----+-----+-----+-----+-----+------+
|  P  | 1/42 | 1/14 | 1/6 | 1/6 | 1/6 | 1/6 | 1/7 | 2/21 |
+-----+------+------+-----+-----+-----+-----+-----+------+
------------------------------------------------------------
+---+-----+-----+-----+
| A |  1  |  2  |  3  |
+---+-----+-----+-----+
| P | 1/6 | 1/2 | 1/3 |
+---+-----+-----+-----+
+---+-----+-----+
| B |  1  |  2  |
+---+-----+-----+
| P | 1/3 | 2/3 |
+---+-----+-----+
+-----+------+------+-----+-----+
| A+B |  2   |  3   |  4  |  5  |
+-----+------+------+-----+-----+
|  P  | 1/18 | 5/18 | 4/9 | 2/9 |
+-----+------+------+-----+-----+
----------------------------------
+---+-----+-----+
| A |  1  |  2  |
+---+-----+-----+
| P | 1/4 | 3/4 |
+---+-----+-----+
+---+-----+-----+
| B |  1  |  2  |
+---+-----+-----+
| P | 1/3 | 2/3 |
+---+-----+-----+
+-----+------+------+-----+
| A+B |  2   |  3   |  4  |
+-----+------+------+-----+
|  P  | 1/12 | 5/12 | 1/2 |
+-----+------+------+-----+
----------------------------
